17:10:00.657 INFO - Selenium build info: version: '3.6.0', revision: '6fbf3ec767'
17:10:00.658 INFO - Launching a standalone Selenium Server
2017-11-05 17:10:01.314:INFO::main: Logging initialized @5943ms to org.seleniumhq.jetty9.util.log.StdErrLog
17:10:01.988 INFO - Driver class not found: com.opera.core.systems.OperaDriver
17:10:02.541 INFO - Driver provider class org.openqa.selenium.ie.InternetExplorerDriver registration is skipped:
 registration capabilities Capabilities [{ensureCleanSession=true, browserName=internet explorer, version=, platform=WINDOWS}] does not match the current platform MAC
17:10:02.541 INFO - Driver provider class org.openqa.selenium.edge.EdgeDriver registration is skipped:
 registration capabilities Capabilities [{browserName=MicrosoftEdge, version=, platform=WINDOWS}] does not match the current platform MAC
17:10:03.164 INFO - Using the passthrough mode handler
2017-11-05 17:10:03.391:INFO:osjs.Server:main: jetty-9.4.5.v20170502
2017-11-05 17:10:03.648:WARN:osjs.SecurityHandler:main: ServletContext@o.s.j.s.ServletContextHandler@7d20d0b{/,null,STARTING} has uncovered http methods for path: /
2017-11-05 17:10:03.710:INFO:osjsh.ContextHandler:main: Started o.s.j.s.ServletContextHandler@7d20d0b{/,null,AVAILABLE}
2017-11-05 17:10:04.216:INFO:osjs.AbstractConnector:main: Started ServerConnector@2de0f08c{HTTP/1.1,[http/1.1]}{0.0.0.0:4445}
2017-11-05 17:10:04.219:INFO:osjs.Server:main: Started @8848ms
17:10:04.219 INFO - Selenium Server is up and running
2017-11-05 17:10:06.652:INFO:osjshC.ROOT:qtp1906808037-12: org.openqa.selenium.remote.server.WebDriverServlet-72967906: Initialising WebDriverServlet
17:10:06.933 INFO - Binding default provider to: org.openqa.selenium.chrome.ChromeDriverService
17:10:06.935 INFO - Found handler: org.openqa.selenium.remote.server.commandhandler.BeginSession@178e7362
17:10:06.946 INFO - /session: Executing POST on /session (handler: BeginSession)
17:10:07.763 INFO - Capabilities are: Capabilities {acceptSslCerts=true, name=Test, browserName=chrome, javascriptEnabled=true, platformName=ANY, platform=ANY, }
17:10:07.765 INFO - Capabilities {acceptSslCerts=true, name=Test, browserName=chrome, javascriptEnabled=true, platformName=ANY, platform=ANY, } matched class org.openqa.selenium.remote.server.ServicedSession$Factory (provider: org.openqa.selenium.chrome.ChromeDriverService)
17:10:07.765 INFO - Capabilities {acceptSslCerts=true, name=Test, browserName=chrome, javascriptEnabled=true, platformName=ANY, platform=ANY, } matched class org.openqa.selenium.remote.server.ServicedSession$Factory (provider: org.openqa.selenium.chrome.ChromeDriverService)
Starting ChromeDriver 2.33.506106 (8a06c39c4582fbfbab6966dbb1c38a9173bfb1a2) on port 16048
Only local connections are allowed.
17:10:20.645 INFO - Found handler: org.openqa.selenium.remote.server.ServicedSession@4cc3fe62
17:10:20.646 INFO - Handler thread for session cddf772ada586cd610c632465ea40e5b (chrome): Executing POST on /session/cddf772ada586cd610c632465ea40e5b/url (handler: ServicedSession)
17:10:20.650 INFO - To upstream: {"url":"http://localhost:3000"}
17:10:26.763 INFO - To downstream: {"sessionId":"cddf772ada586cd610c632465ea40e5b","status":0,"value":null}
17:10:26.778 INFO - Found handler: org.openqa.selenium.remote.server.ServicedSession@4cc3fe62
17:10:26.778 INFO - Handler thread for session cddf772ada586cd610c632465ea40e5b (chrome): Executing POST on /session/cddf772ada586cd610c632465ea40e5b/window/current/size (handler: ServicedSession)
17:10:26.781 INFO - To upstream: {"width":1500,"height":1500}
17:10:27.064 INFO - To downstream: {"sessionId":"cddf772ada586cd610c632465ea40e5b","status":0,"value":null}
17:10:28.081 INFO - Found handler: org.openqa.selenium.remote.server.ServicedSession@4cc3fe62
17:10:28.082 INFO - Handler thread for session cddf772ada586cd610c632465ea40e5b (chrome): Executing POST on /session/cddf772ada586cd610c632465ea40e5b/elements (handler: ServicedSession)
17:10:28.084 INFO - To upstream: {"using":"css selector","value":"section[class=\"upcoming-events\"]"}
17:10:28.108 INFO - To downstream: {"sessionId":"cddf772ada586cd610c632465ea40e5b","status":0,"value":[{"ELEMENT":"0.8926693530319569-1"}]}
17:10:28.115 INFO - Found handler: org.openqa.selenium.remote.server.ServicedSession@4cc3fe62
17:10:28.116 INFO - Handler thread for session cddf772ada586cd610c632465ea40e5b (chrome): Executing POST on /session/cddf772ada586cd610c632465ea40e5b/element (handler: ServicedSession)
17:10:28.118 INFO - To upstream: {"using":"css selector","value":"input[type=\"button\"]"}
17:10:28.155 INFO - To downstream: {"sessionId":"cddf772ada586cd610c632465ea40e5b","status":0,"value":{"ELEMENT":"0.8926693530319569-2"}}
17:10:28.166 INFO - Found handler: org.openqa.selenium.remote.server.ServicedSession@4cc3fe62
17:10:28.168 INFO - Handler thread for session cddf772ada586cd610c632465ea40e5b (chrome): Executing POST on /session/cddf772ada586cd610c632465ea40e5b/element/0.8926693530319569-2/click (handler: ServicedSession)
17:10:28.170 INFO - To upstream: 
17:10:28.301 INFO - To downstream: {"sessionId":"cddf772ada586cd610c632465ea40e5b","status":0,"value":null}
17:10:29.312 INFO - Found handler: org.openqa.selenium.remote.server.ServicedSession@4cc3fe62
17:10:29.312 INFO - Handler thread for session cddf772ada586cd610c632465ea40e5b (chrome): Executing POST on /session/cddf772ada586cd610c632465ea40e5b/element (handler: ServicedSession)
17:10:29.314 INFO - To upstream: {"using":"css selector","value":"a[href=\"/home\"]"}
17:10:29.338 INFO - To downstream: {"sessionId":"cddf772ada586cd610c632465ea40e5b","status":0,"value":{"ELEMENT":"0.8926693530319569-3"}}
17:10:29.342 INFO - Found handler: org.openqa.selenium.remote.server.ServicedSession@4cc3fe62
17:10:29.342 INFO - Handler thread for session cddf772ada586cd610c632465ea40e5b (chrome): Executing POST on /session/cddf772ada586cd610c632465ea40e5b/element/0.8926693530319569-3/click (handler: ServicedSession)
17:10:29.343 INFO - To upstream: 
17:10:29.521 INFO - To downstream: {"sessionId":"cddf772ada586cd610c632465ea40e5b","status":0,"value":null}
17:10:29.531 INFO - Found handler: org.openqa.selenium.remote.server.ServicedSession@4cc3fe62
17:10:29.531 INFO - Handler thread for session cddf772ada586cd610c632465ea40e5b (chrome): Executing POST on /session/cddf772ada586cd610c632465ea40e5b/elements (handler: ServicedSession)
17:10:29.533 INFO - To upstream: {"using":"css selector","value":"section[class=\"upcoming-events\"]"}
17:10:29.549 INFO - To downstream: {"sessionId":"cddf772ada586cd610c632465ea40e5b","status":0,"value":[{"ELEMENT":"0.8926693530319569-4"}]}
17:10:29.554 INFO - Found handler: org.openqa.selenium.remote.server.ServicedSession@4cc3fe62
17:10:29.555 INFO - Handler thread for session cddf772ada586cd610c632465ea40e5b (chrome): Executing POST on /session/cddf772ada586cd610c632465ea40e5b/element (handler: ServicedSession)
17:10:29.557 INFO - To upstream: {"using":"css selector","value":"img[src=\"/static/media/placeholder-violin.7febde31.jpg\"]"}
17:10:29.594 INFO - To downstream: {"sessionId":"cddf772ada586cd610c632465ea40e5b","status":0,"value":{"ELEMENT":"0.8926693530319569-5"}}
17:10:29.598 INFO - Found handler: org.openqa.selenium.remote.server.ServicedSession@4cc3fe62
17:10:29.599 INFO - Handler thread for session cddf772ada586cd610c632465ea40e5b (chrome): Executing POST on /session/cddf772ada586cd610c632465ea40e5b/element/0.8926693530319569-5/click (handler: ServicedSession)
17:10:29.600 INFO - To upstream: 
17:10:29.707 INFO - To downstream: {"sessionId":"cddf772ada586cd610c632465ea40e5b","status":0,"value":null}
17:10:30.216 INFO - Found handler: org.openqa.selenium.remote.server.ServicedSession@4cc3fe62
17:10:30.217 INFO - Handler thread for session cddf772ada586cd610c632465ea40e5b (chrome): Executing POST on /session/cddf772ada586cd610c632465ea40e5b/element (handler: ServicedSession)
17:10:30.219 INFO - To upstream: {"using":"css selector","value":"a[href=\"/home\"]"}
17:10:30.229 INFO - To downstream: {"sessionId":"cddf772ada586cd610c632465ea40e5b","status":0,"value":{"ELEMENT":"0.8926693530319569-3"}}
17:10:30.235 INFO - Found handler: org.openqa.selenium.remote.server.ServicedSession@4cc3fe62
17:10:30.235 INFO - Handler thread for session cddf772ada586cd610c632465ea40e5b (chrome): Executing POST on /session/cddf772ada586cd610c632465ea40e5b/element/0.8926693530319569-3/click (handler: ServicedSession)
17:10:30.236 INFO - To upstream: 
17:10:30.291 INFO - To downstream: {"sessionId":"cddf772ada586cd610c632465ea40e5b","status":0,"value":null}
17:10:30.299 INFO - Found handler: org.openqa.selenium.remote.server.ServicedSession@4cc3fe62
17:10:30.300 INFO - Handler thread for session cddf772ada586cd610c632465ea40e5b (chrome): Executing POST on /session/cddf772ada586cd610c632465ea40e5b/elements (handler: ServicedSession)
17:10:30.304 INFO - To upstream: {"using":"css selector","value":"section[class=\"upcoming-events\"]"}
17:10:30.321 INFO - To downstream: {"sessionId":"cddf772ada586cd610c632465ea40e5b","status":0,"value":[{"ELEMENT":"0.8926693530319569-6"}]}
17:10:30.326 INFO - Found handler: org.openqa.selenium.remote.server.ServicedSession@4cc3fe62
17:10:30.326 INFO - Handler thread for session cddf772ada586cd610c632465ea40e5b (chrome): Executing POST on /session/cddf772ada586cd610c632465ea40e5b/element (handler: ServicedSession)
17:10:30.329 INFO - To upstream: {"using":"css selector","value":"input[value=\"Support Us\"]"}
17:10:30.366 INFO - To downstream: {"sessionId":"cddf772ada586cd610c632465ea40e5b","status":0,"value":{"ELEMENT":"0.8926693530319569-7"}}
17:10:30.371 INFO - Found handler: org.openqa.selenium.remote.server.ServicedSession@4cc3fe62
17:10:30.371 INFO - Handler thread for session cddf772ada586cd610c632465ea40e5b (chrome): Executing POST on /session/cddf772ada586cd610c632465ea40e5b/element/0.8926693530319569-7/click (handler: ServicedSession)
17:10:30.372 INFO - To upstream: 
17:10:30.737 INFO - To downstream: {"sessionId":"cddf772ada586cd610c632465ea40e5b","status":0,"value":null}
17:10:31.747 INFO - Found handler: org.openqa.selenium.remote.server.ServicedSession@4cc3fe62
17:10:31.748 INFO - Handler thread for session cddf772ada586cd610c632465ea40e5b (chrome): Executing POST on /session/cddf772ada586cd610c632465ea40e5b/element (handler: ServicedSession)
17:10:31.751 INFO - To upstream: {"using":"css selector","value":"a[href=\"/home\"]"}
17:10:31.762 INFO - To downstream: {"sessionId":"cddf772ada586cd610c632465ea40e5b","status":0,"value":{"ELEMENT":"0.8926693530319569-3"}}
17:10:31.766 INFO - Found handler: org.openqa.selenium.remote.server.ServicedSession@4cc3fe62
17:10:31.767 INFO - Handler thread for session cddf772ada586cd610c632465ea40e5b (chrome): Executing POST on /session/cddf772ada586cd610c632465ea40e5b/element/0.8926693530319569-3/click (handler: ServicedSession)
17:10:31.768 INFO - To upstream: 
17:10:31.833 INFO - To downstream: {"sessionId":"cddf772ada586cd610c632465ea40e5b","status":0,"value":null}
17:10:31.842 INFO - Found handler: org.openqa.selenium.remote.server.ServicedSession@4cc3fe62
17:10:31.843 INFO - Handler thread for session cddf772ada586cd610c632465ea40e5b (chrome): Executing POST on /session/cddf772ada586cd610c632465ea40e5b/elements (handler: ServicedSession)
17:10:31.847 INFO - To upstream: {"using":"css selector","value":"section[class=\"upcoming-events\"]"}
17:10:31.862 INFO - To downstream: {"sessionId":"cddf772ada586cd610c632465ea40e5b","status":0,"value":[{"ELEMENT":"0.8926693530319569-8"}]}
17:10:31.868 INFO - Found handler: org.openqa.selenium.remote.server.ServicedSession@4cc3fe62
17:10:31.868 INFO - Handler thread for session cddf772ada586cd610c632465ea40e5b (chrome): Executing POST on /session/cddf772ada586cd610c632465ea40e5b/element (handler: ServicedSession)
17:10:31.870 INFO - To upstream: {"using":"css selector","value":"input[type=\"button\"]"}
17:10:31.882 INFO - To downstream: {"sessionId":"cddf772ada586cd610c632465ea40e5b","status":0,"value":{"ELEMENT":"0.8926693530319569-9"}}
17:10:31.924 INFO - Found handler: org.openqa.selenium.remote.server.ServicedSession@4cc3fe62
17:10:31.925 INFO - Handler thread for session cddf772ada586cd610c632465ea40e5b (chrome): Executing POST on /session/cddf772ada586cd610c632465ea40e5b/element/0.8926693530319569-9/click (handler: ServicedSession)
17:10:31.927 INFO - To upstream: 
17:10:32.014 INFO - To downstream: {"sessionId":"cddf772ada586cd610c632465ea40e5b","status":13,"value":{"message":"unknown error: Element \u003Cinput type=\"button\" value=\"See More\"> is not clickable at point (592, 20). Other element would receive the click: \u003Cdiv class=\"home-header-Container\">...\u003C/div>\n  (Session info: chrome=61.0.3163.100)\n  (Driver info: chromedriver=2.33.506106 (8a06c39c4582fbfbab6966dbb1c38a9173bfb1a2),platform=Mac OS X 10.11.6 x86_64)"}}
17:10:32.256 INFO - Found handler: org.openqa.selenium.remote.server.ServicedSession@4cc3fe62
17:10:32.257 INFO - Handler thread for session cddf772ada586cd610c632465ea40e5b (chrome): Executing POST on /session/cddf772ada586cd610c632465ea40e5b/elements (handler: ServicedSession)
17:10:32.259 INFO - To upstream: {"using":"css selector","value":"section[class=\"upcoming-events\"]"}
17:10:32.270 INFO - To downstream: {"sessionId":"cddf772ada586cd610c632465ea40e5b","status":0,"value":[{"ELEMENT":"0.8926693530319569-8"}]}
17:10:32.283 INFO - Found handler: org.openqa.selenium.remote.server.ServicedSession@4cc3fe62
17:10:32.284 INFO - Handler thread for session cddf772ada586cd610c632465ea40e5b (chrome): Executing POST on /session/cddf772ada586cd610c632465ea40e5b/url (handler: ServicedSession)
17:10:32.286 INFO - To upstream: {"url":"http://localhost:3000"}
17:10:33.191 INFO - To downstream: {"sessionId":"cddf772ada586cd610c632465ea40e5b","status":0,"value":null}
17:10:33.197 INFO - Found handler: org.openqa.selenium.remote.server.ServicedSession@4cc3fe62
17:10:33.197 INFO - Handler thread for session cddf772ada586cd610c632465ea40e5b (chrome): Executing POST on /session/cddf772ada586cd610c632465ea40e5b/window/current/size (handler: ServicedSession)
17:10:33.199 INFO - To upstream: {"width":1500,"height":1500}
17:10:33.304 INFO - To downstream: {"sessionId":"cddf772ada586cd610c632465ea40e5b","status":0,"value":null}
17:10:34.331 INFO - Found handler: org.openqa.selenium.remote.server.ServicedSession@4cc3fe62
17:10:34.332 INFO - Handler thread for session cddf772ada586cd610c632465ea40e5b (chrome): Executing POST on /session/cddf772ada586cd610c632465ea40e5b/element (handler: ServicedSession)
17:10:34.333 INFO - To upstream: {"using":"css selector","value":"a[href=\"/calendar\"]"}
17:10:34.362 INFO - To downstream: {"sessionId":"cddf772ada586cd610c632465ea40e5b","status":0,"value":{"ELEMENT":"0.8686122935077742-1"}}
17:10:34.369 INFO - Found handler: org.openqa.selenium.remote.server.ServicedSession@4cc3fe62
17:10:34.370 INFO - Handler thread for session cddf772ada586cd610c632465ea40e5b (chrome): Executing POST on /session/cddf772ada586cd610c632465ea40e5b/element/0.8686122935077742-1/click (handler: ServicedSession)
17:10:34.371 INFO - To upstream: 
17:10:34.554 INFO - To downstream: {"sessionId":"cddf772ada586cd610c632465ea40e5b","status":0,"value":null}
17:10:34.563 INFO - Found handler: org.openqa.selenium.remote.server.ServicedSession@4cc3fe62
17:10:34.564 INFO - Handler thread for session cddf772ada586cd610c632465ea40e5b (chrome): Executing POST on /session/cddf772ada586cd610c632465ea40e5b/elements (handler: ServicedSession)
17:10:34.565 INFO - To upstream: {"using":"css selector","value":"img[src=\"/static/media/hero-image.aea190d9.jpg\"]"}
17:10:34.595 INFO - To downstream: {"sessionId":"cddf772ada586cd610c632465ea40e5b","status":0,"value":[{"ELEMENT":"0.8686122935077742-2"}]}
17:10:34.599 INFO - Found handler: org.openqa.selenium.remote.server.ServicedSession@4cc3fe62
17:10:34.599 INFO - Handler thread for session cddf772ada586cd610c632465ea40e5b (chrome): Executing POST on /session/cddf772ada586cd610c632465ea40e5b/element (handler: ServicedSession)
17:10:34.601 INFO - To upstream: {"using":"css selector","value":"input[value=\"Sign up\"]"}
17:10:34.629 INFO - To downstream: {"sessionId":"cddf772ada586cd610c632465ea40e5b","status":0,"value":{"ELEMENT":"0.8686122935077742-3"}}
17:10:34.632 INFO - Found handler: org.openqa.selenium.remote.server.ServicedSession@4cc3fe62
17:10:34.633 INFO - Handler thread for session cddf772ada586cd610c632465ea40e5b (chrome): Executing POST on /session/cddf772ada586cd610c632465ea40e5b/element/0.8686122935077742-3/click (handler: ServicedSession)
17:10:34.634 INFO - To upstream: 
17:10:34.729 INFO - To downstream: {"sessionId":"cddf772ada586cd610c632465ea40e5b","status":0,"value":null}
17:10:34.734 INFO - Found handler: org.openqa.selenium.remote.server.ServicedSession@4cc3fe62
17:10:34.735 INFO - Handler thread for session cddf772ada586cd610c632465ea40e5b (chrome): Executing POST on /session/cddf772ada586cd610c632465ea40e5b/elements (handler: ServicedSession)
17:10:34.738 INFO - To upstream: {"using":"css selector","value":"label[for=\"all\"]"}
17:10:34.766 INFO - To downstream: {"sessionId":"cddf772ada586cd610c632465ea40e5b","status":0,"value":[{"ELEMENT":"0.8686122935077742-4"}]}
17:10:34.780 INFO - Found handler: org.openqa.selenium.remote.server.ServicedSession@4cc3fe62
17:10:34.780 INFO - Handler thread for session cddf772ada586cd610c632465ea40e5b (chrome): Executing POST on /session/cddf772ada586cd610c632465ea40e5b/element (handler: ServicedSession)
17:10:34.782 INFO - To upstream: {"using":"css selector","value":"input[type=\"tel\"]"}
17:10:34.810 INFO - To downstream: {"sessionId":"cddf772ada586cd610c632465ea40e5b","status":0,"value":{"ELEMENT":"0.8686122935077742-5"}}
17:10:34.814 INFO - Found handler: org.openqa.selenium.remote.server.ServicedSession@4cc3fe62
17:10:34.815 INFO - Handler thread for session cddf772ada586cd610c632465ea40e5b (chrome): Executing POST on /session/cddf772ada586cd610c632465ea40e5b/element/0.8686122935077742-5/value (handler: ServicedSession)
17:10:34.816 INFO - To upstream: {"value":["8","0","1","2","3","0","0","1","2","9"]}
17:10:35.704 INFO - To downstream: {"sessionId":"cddf772ada586cd610c632465ea40e5b","status":0,"value":null}
17:10:35.710 INFO - Found handler: org.openqa.selenium.remote.server.ServicedSession@4cc3fe62
17:10:35.711 INFO - Handler thread for session cddf772ada586cd610c632465ea40e5b (chrome): Executing POST on /session/cddf772ada586cd610c632465ea40e5b/element (handler: ServicedSession)
17:10:35.713 INFO - To upstream: {"using":"css selector","value":"div[class=\"downwards-arrow\"]"}
17:10:35.736 INFO - To downstream: {"sessionId":"cddf772ada586cd610c632465ea40e5b","status":0,"value":{"ELEMENT":"0.8686122935077742-6"}}
17:10:35.740 INFO - Found handler: org.openqa.selenium.remote.server.ServicedSession@4cc3fe62
17:10:35.740 INFO - Handler thread for session cddf772ada586cd610c632465ea40e5b (chrome): Executing POST on /session/cddf772ada586cd610c632465ea40e5b/element/0.8686122935077742-6/click (handler: ServicedSession)
17:10:35.741 INFO - To upstream: 
17:10:35.819 INFO - To downstream: {"sessionId":"cddf772ada586cd610c632465ea40e5b","status":0,"value":null}
17:10:35.823 INFO - Found handler: org.openqa.selenium.remote.server.ServicedSession@4cc3fe62
17:10:35.823 INFO - Handler thread for session cddf772ada586cd610c632465ea40e5b (chrome): Executing POST on /session/cddf772ada586cd610c632465ea40e5b/element (handler: ServicedSession)
17:10:35.825 INFO - To upstream: {"using":"css selector","value":"label[for=\"performances\"]"}
17:10:35.849 INFO - To downstream: {"sessionId":"cddf772ada586cd610c632465ea40e5b","status":0,"value":{"ELEMENT":"0.8686122935077742-7"}}
17:10:35.852 INFO - Found handler: org.openqa.selenium.remote.server.ServicedSession@4cc3fe62
17:10:35.852 INFO - Handler thread for session cddf772ada586cd610c632465ea40e5b (chrome): Executing POST on /session/cddf772ada586cd610c632465ea40e5b/element/0.8686122935077742-7/click (handler: ServicedSession)
17:10:35.854 INFO - To upstream: 
17:10:35.922 INFO - To downstream: {"sessionId":"cddf772ada586cd610c632465ea40e5b","status":0,"value":null}
17:10:35.926 INFO - Found handler: org.openqa.selenium.remote.server.ServicedSession@4cc3fe62
17:10:35.926 INFO - Handler thread for session cddf772ada586cd610c632465ea40e5b (chrome): Executing POST on /session/cddf772ada586cd610c632465ea40e5b/element (handler: ServicedSession)
17:10:35.927 INFO - To upstream: {"using":"css selector","value":"label[for=\"all\"]"}
17:10:35.952 INFO - To downstream: {"sessionId":"cddf772ada586cd610c632465ea40e5b","status":0,"value":{"ELEMENT":"0.8686122935077742-4"}}
17:10:35.956 INFO - Found handler: org.openqa.selenium.remote.server.ServicedSession@4cc3fe62
17:10:35.957 INFO - Handler thread for session cddf772ada586cd610c632465ea40e5b (chrome): Executing POST on /session/cddf772ada586cd610c632465ea40e5b/element/0.8686122935077742-4/click (handler: ServicedSession)
17:10:35.958 INFO - To upstream: 
17:10:36.026 INFO - To downstream: {"sessionId":"cddf772ada586cd610c632465ea40e5b","status":0,"value":null}
17:10:36.537 INFO - Found handler: org.openqa.selenium.remote.server.ServicedSession@4cc3fe62
17:10:36.537 INFO - Handler thread for session cddf772ada586cd610c632465ea40e5b (chrome): Executing POST on /session/cddf772ada586cd610c632465ea40e5b/element (handler: ServicedSession)
17:10:36.540 INFO - To upstream: {"using":"css selector","value":"input[type=\"submit\"]"}
17:10:36.568 INFO - To downstream: {"sessionId":"cddf772ada586cd610c632465ea40e5b","status":0,"value":{"ELEMENT":"0.8686122935077742-8"}}
17:10:36.573 INFO - Found handler: org.openqa.selenium.remote.server.ServicedSession@4cc3fe62
17:10:36.573 INFO - Handler thread for session cddf772ada586cd610c632465ea40e5b (chrome): Executing POST on /session/cddf772ada586cd610c632465ea40e5b/element/0.8686122935077742-8/click (handler: ServicedSession)
17:10:36.574 INFO - To upstream: 
17:10:36.648 INFO - To downstream: {"sessionId":"cddf772ada586cd610c632465ea40e5b","status":0,"value":null}
17:10:39.660 INFO - Found handler: org.openqa.selenium.remote.server.ServicedSession@4cc3fe62
17:10:39.661 INFO - Handler thread for session cddf772ada586cd610c632465ea40e5b (chrome): Executing POST on /session/cddf772ada586cd610c632465ea40e5b/url (handler: ServicedSession)
17:10:39.665 INFO - To upstream: {"url":"http://localhost:3000"}
17:10:40.054 INFO - To downstream: {"sessionId":"cddf772ada586cd610c632465ea40e5b","status":0,"value":null}
17:10:40.058 INFO - Found handler: org.openqa.selenium.remote.server.ServicedSession@4cc3fe62
17:10:40.059 INFO - Handler thread for session cddf772ada586cd610c632465ea40e5b (chrome): Executing POST on /session/cddf772ada586cd610c632465ea40e5b/window/current/size (handler: ServicedSession)
17:10:40.060 INFO - To upstream: {"width":1500,"height":1500}
17:10:40.164 INFO - To downstream: {"sessionId":"cddf772ada586cd610c632465ea40e5b","status":0,"value":null}
17:10:40.276 INFO - Found handler: org.openqa.selenium.remote.server.ServicedSession@4cc3fe62
17:10:40.277 INFO - Handler thread for session cddf772ada586cd610c632465ea40e5b (chrome): Executing POST on /session/cddf772ada586cd610c632465ea40e5b/element (handler: ServicedSession)
17:10:40.279 INFO - To upstream: {"using":"css selector","value":"a[href=\"/about\"]"}
17:10:40.305 INFO - To downstream: {"sessionId":"cddf772ada586cd610c632465ea40e5b","status":0,"value":{"ELEMENT":"0.23465140712062715-1"}}
17:10:40.308 INFO - Found handler: org.openqa.selenium.remote.server.ServicedSession@4cc3fe62
17:10:40.309 INFO - Handler thread for session cddf772ada586cd610c632465ea40e5b (chrome): Executing POST on /session/cddf772ada586cd610c632465ea40e5b/element/0.23465140712062715-1/click (handler: ServicedSession)
17:10:40.310 INFO - To upstream: 
17:10:40.439 INFO - To downstream: {"sessionId":"cddf772ada586cd610c632465ea40e5b","status":0,"value":null}
17:10:40.447 INFO - Found handler: org.openqa.selenium.remote.server.ServicedSession@4cc3fe62
17:10:40.447 INFO - Handler thread for session cddf772ada586cd610c632465ea40e5b (chrome): Executing POST on /session/cddf772ada586cd610c632465ea40e5b/elements (handler: ServicedSession)
17:10:40.450 INFO - To upstream: {"using":"css selector","value":"img[class=\"readmore\"]"}
17:10:40.573 INFO - To downstream: {"sessionId":"cddf772ada586cd610c632465ea40e5b","status":0,"value":[{"ELEMENT":"0.23465140712062715-2"},{"ELEMENT":"0.23465140712062715-3"},{"ELEMENT":"0.23465140712062715-4"}]}
17:10:40.579 INFO - Found handler: org.openqa.selenium.remote.server.ServicedSession@4cc3fe62
17:10:40.580 INFO - Handler thread for session cddf772ada586cd610c632465ea40e5b (chrome): Executing POST on /session/cddf772ada586cd610c632465ea40e5b/elements (handler: ServicedSession)
17:10:40.582 INFO - To upstream: {"using":"css selector","value":"img[class=\"arrow-button\"]"}
17:10:40.641 INFO - To downstream: {"sessionId":"cddf772ada586cd610c632465ea40e5b","status":0,"value":[{"ELEMENT":"0.23465140712062715-5"},{"ELEMENT":"0.23465140712062715-6"},{"ELEMENT":"0.23465140712062715-7"},{"ELEMENT":"0.23465140712062715-8"},{"ELEMENT":"0.23465140712062715-9"},{"ELEMENT":"0.23465140712062715-10"}]}
17:10:40.646 INFO - Found handler: org.openqa.selenium.remote.server.ServicedSession@4cc3fe62
17:10:40.646 INFO - Handler thread for session cddf772ada586cd610c632465ea40e5b (chrome): Executing POST on /session/cddf772ada586cd610c632465ea40e5b/elements (handler: ServicedSession)
17:10:40.648 INFO - To upstream: {"using":"css selector","value":"div[class=\"connect-volunteer\"]"}
17:10:40.681 INFO - To downstream: {"sessionId":"cddf772ada586cd610c632465ea40e5b","status":0,"value":[{"ELEMENT":"0.23465140712062715-11"}]}
17:10:40.690 INFO - Found handler: org.openqa.selenium.remote.server.ServicedSession@4cc3fe62
17:10:40.690 INFO - Handler thread for session cddf772ada586cd610c632465ea40e5b (chrome): Executing POST on /session/cddf772ada586cd610c632465ea40e5b/url (handler: ServicedSession)
17:10:40.692 INFO - To upstream: {"url":"http://localhost:3000"}
17:10:41.060 INFO - To downstream: {"sessionId":"cddf772ada586cd610c632465ea40e5b","status":0,"value":null}
17:10:41.067 INFO - Found handler: org.openqa.selenium.remote.server.ServicedSession@4cc3fe62
17:10:41.067 INFO - Handler thread for session cddf772ada586cd610c632465ea40e5b (chrome): Executing POST on /session/cddf772ada586cd610c632465ea40e5b/window/current/size (handler: ServicedSession)
17:10:41.127 INFO - To upstream: {"width":1500,"height":1500}
17:10:41.231 INFO - To downstream: {"sessionId":"cddf772ada586cd610c632465ea40e5b","status":0,"value":null}
17:10:41.337 INFO - Found handler: org.openqa.selenium.remote.server.ServicedSession@4cc3fe62
17:10:41.337 INFO - Handler thread for session cddf772ada586cd610c632465ea40e5b (chrome): Executing POST on /session/cddf772ada586cd610c632465ea40e5b/element (handler: ServicedSession)
17:10:41.338 INFO - To upstream: {"using":"css selector","value":"a[href=\"/media\"]"}
17:10:41.361 INFO - To downstream: {"sessionId":"cddf772ada586cd610c632465ea40e5b","status":0,"value":{"ELEMENT":"0.7496612501657465-1"}}
17:10:41.364 INFO - Found handler: org.openqa.selenium.remote.server.ServicedSession@4cc3fe62
17:10:41.364 INFO - Handler thread for session cddf772ada586cd610c632465ea40e5b (chrome): Executing POST on /session/cddf772ada586cd610c632465ea40e5b/element/0.7496612501657465-1/click (handler: ServicedSession)
17:10:41.365 INFO - To upstream: 
17:10:41.498 INFO - To downstream: {"sessionId":"cddf772ada586cd610c632465ea40e5b","status":0,"value":null}
17:10:41.505 INFO - Found handler: org.openqa.selenium.remote.server.ServicedSession@4cc3fe62
17:10:41.506 INFO - Handler thread for session cddf772ada586cd610c632465ea40e5b (chrome): Executing POST on /session/cddf772ada586cd610c632465ea40e5b/elements (handler: ServicedSession)
17:10:41.508 INFO - To upstream: {"using":"css selector","value":"li[class=\"media-header-button\"]"}
17:10:41.601 INFO - To downstream: {"sessionId":"cddf772ada586cd610c632465ea40e5b","status":0,"value":[{"ELEMENT":"0.7496612501657465-2"}]}
17:10:41.623 INFO - Found handler: org.openqa.selenium.remote.server.ServicedSession@4cc3fe62
17:10:41.624 INFO - Handler thread for session cddf772ada586cd610c632465ea40e5b (chrome): Executing POST on /session/cddf772ada586cd610c632465ea40e5b/elements (handler: ServicedSession)
17:10:41.630 INFO - To upstream: {"using":"css selector","value":"li[class=\"load-more-button\"]"}
17:10:41.831 INFO - To downstream: {"sessionId":"cddf772ada586cd610c632465ea40e5b","status":0,"value":[{"ELEMENT":"0.7496612501657465-3"}]}
17:10:41.836 INFO - Found handler: org.openqa.selenium.remote.server.ServicedSession@4cc3fe62
17:10:41.836 INFO - Handler thread for session cddf772ada586cd610c632465ea40e5b (chrome): Executing POST on /session/cddf772ada586cd610c632465ea40e5b/elements (handler: ServicedSession)
17:10:41.838 INFO - To upstream: {"using":"css selector","value":"li[class=\"back-to-top\"]"}
17:10:41.894 INFO - To downstream: {"sessionId":"cddf772ada586cd610c632465ea40e5b","status":0,"value":[{"ELEMENT":"0.7496612501657465-4"}]}
17:10:41.905 INFO - Found handler: org.openqa.selenium.remote.server.ServicedSession@4cc3fe62
17:10:41.906 INFO - Handler thread for session cddf772ada586cd610c632465ea40e5b (chrome): Executing POST on /session/cddf772ada586cd610c632465ea40e5b/url (handler: ServicedSession)
17:10:41.908 INFO - To upstream: {"url":"http://localhost:3000"}
17:10:42.302 INFO - To downstream: {"sessionId":"cddf772ada586cd610c632465ea40e5b","status":0,"value":null}
17:10:42.307 INFO - Found handler: org.openqa.selenium.remote.server.ServicedSession@4cc3fe62
17:10:42.307 INFO - Handler thread for session cddf772ada586cd610c632465ea40e5b (chrome): Executing POST on /session/cddf772ada586cd610c632465ea40e5b/window/current/size (handler: ServicedSession)
17:10:42.309 INFO - To upstream: {"width":1500,"height":1500}
17:10:42.412 INFO - To downstream: {"sessionId":"cddf772ada586cd610c632465ea40e5b","status":0,"value":null}
17:10:42.524 INFO - Found handler: org.openqa.selenium.remote.server.ServicedSession@4cc3fe62
17:10:42.524 INFO - Handler thread for session cddf772ada586cd610c632465ea40e5b (chrome): Executing POST on /session/cddf772ada586cd610c632465ea40e5b/element (handler: ServicedSession)
17:10:42.526 INFO - To upstream: {"using":"css selector","value":"a[href=\"/blog\"]"}
17:10:42.552 INFO - To downstream: {"sessionId":"cddf772ada586cd610c632465ea40e5b","status":0,"value":{"ELEMENT":"0.3113978097898964-1"}}
17:10:42.555 INFO - Found handler: org.openqa.selenium.remote.server.ServicedSession@4cc3fe62
17:10:42.556 INFO - Handler thread for session cddf772ada586cd610c632465ea40e5b (chrome): Executing POST on /session/cddf772ada586cd610c632465ea40e5b/element/0.3113978097898964-1/click (handler: ServicedSession)
17:10:42.557 INFO - To upstream: 
17:10:42.754 INFO - To downstream: {"sessionId":"cddf772ada586cd610c632465ea40e5b","status":0,"value":null}
17:10:42.759 INFO - Found handler: org.openqa.selenium.remote.server.ServicedSession@4cc3fe62
17:10:42.760 INFO - Handler thread for session cddf772ada586cd610c632465ea40e5b (chrome): Executing POST on /session/cddf772ada586cd610c632465ea40e5b/elements (handler: ServicedSession)
17:10:42.761 INFO - To upstream: {"using":"css selector","value":"div[class=\"box-link\"]"}
17:10:42.943 INFO - To downstream: {"sessionId":"cddf772ada586cd610c632465ea40e5b","status":0,"value":[{"ELEMENT":"0.3113978097898964-2"},{"ELEMENT":"0.3113978097898964-3"},{"ELEMENT":"0.3113978097898964-4"},{"ELEMENT":"0.3113978097898964-5"},{"ELEMENT":"0.3113978097898964-6"},{"ELEMENT":"0.3113978097898964-7"},{"ELEMENT":"0.3113978097898964-8"},{"ELEMENT":"0.3113978097898964-9"},{"ELEMENT":"0.3113978097898964-10"},{"ELEMENT":"0.3113978097898964-11"},{"ELEMENT":"0.3113978097898964-12"},{"ELEMENT":"0.3113978097898964-13"},{"ELEMENT":"0.3113978097898964-14"},{"ELEMENT":"0.3113978097898964-15"},{"ELEMENT":"0.3113978097898964-16"},{"ELEMENT":"0.3113978097898964-17"}]}
17:10:42.956 INFO - Found handler: org.openqa.selenium.remote.server.ServicedSession@4cc3fe62
17:10:42.957 INFO - Handler thread for session cddf772ada586cd610c632465ea40e5b (chrome): Executing POST on /session/cddf772ada586cd610c632465ea40e5b/url (handler: ServicedSession)
17:10:42.959 INFO - To upstream: {"url":"http://localhost:3000"}
17:10:43.306 INFO - To downstream: {"sessionId":"cddf772ada586cd610c632465ea40e5b","status":0,"value":null}
17:10:43.310 INFO - Found handler: org.openqa.selenium.remote.server.ServicedSession@4cc3fe62
17:10:43.311 INFO - Handler thread for session cddf772ada586cd610c632465ea40e5b (chrome): Executing POST on /session/cddf772ada586cd610c632465ea40e5b/window/current/size (handler: ServicedSession)
17:10:43.313 INFO - To upstream: {"width":1500,"height":1500}
17:10:43.415 INFO - To downstream: {"sessionId":"cddf772ada586cd610c632465ea40e5b","status":0,"value":null}
17:10:43.523 INFO - Found handler: org.openqa.selenium.remote.server.ServicedSession@4cc3fe62
17:10:43.524 INFO - Handler thread for session cddf772ada586cd610c632465ea40e5b (chrome): Executing POST on /session/cddf772ada586cd610c632465ea40e5b/element (handler: ServicedSession)
17:10:43.527 INFO - To upstream: {"using":"css selector","value":"a[href=\"/support\"]"}
17:10:43.551 INFO - To downstream: {"sessionId":"cddf772ada586cd610c632465ea40e5b","status":0,"value":{"ELEMENT":"0.9549975375964612-1"}}
17:10:43.554 INFO - Found handler: org.openqa.selenium.remote.server.ServicedSession@4cc3fe62
17:10:43.554 INFO - Handler thread for session cddf772ada586cd610c632465ea40e5b (chrome): Executing POST on /session/cddf772ada586cd610c632465ea40e5b/element/0.9549975375964612-1/click (handler: ServicedSession)
17:10:43.555 INFO - To upstream: 
17:10:43.709 INFO - To downstream: {"sessionId":"cddf772ada586cd610c632465ea40e5b","status":0,"value":null}
17:10:43.717 INFO - Found handler: org.openqa.selenium.remote.server.ServicedSession@4cc3fe62
17:10:43.717 INFO - Handler thread for session cddf772ada586cd610c632465ea40e5b (chrome): Executing POST on /session/cddf772ada586cd610c632465ea40e5b/elements (handler: ServicedSession)
17:10:43.719 INFO - To upstream: {"using":"css selector","value":"div[class=\"donate-instrument-container\"]"}
17:10:43.764 INFO - To downstream: {"sessionId":"cddf772ada586cd610c632465ea40e5b","status":0,"value":[{"ELEMENT":"0.9549975375964612-2"}]}
17:10:43.772 INFO - Found handler: org.openqa.selenium.remote.server.ServicedSession@4cc3fe62
17:10:43.772 INFO - Handler thread for session cddf772ada586cd610c632465ea40e5b (chrome): Executing POST on /session/cddf772ada586cd610c632465ea40e5b/element (handler: ServicedSession)
17:10:43.774 INFO - To upstream: {"using":"css selector","value":"input[type=\"email\"]"}
17:10:43.803 INFO - To downstream: {"sessionId":"cddf772ada586cd610c632465ea40e5b","status":0,"value":{"ELEMENT":"0.9549975375964612-3"}}
17:10:43.808 INFO - Found handler: org.openqa.selenium.remote.server.ServicedSession@4cc3fe62
17:10:43.808 INFO - Handler thread for session cddf772ada586cd610c632465ea40e5b (chrome): Executing POST on /session/cddf772ada586cd610c632465ea40e5b/element/0.9549975375964612-3/value (handler: ServicedSession)
17:10:43.809 INFO - To upstream: {"value":["c","o","n","n","o","r",".","r","e","e","s","e","1","3","@","g","m","a","i","l",".","c","o","m"]}
17:10:44.120 INFO - To downstream: {"sessionId":"cddf772ada586cd610c632465ea40e5b","status":0,"value":null}
17:10:44.124 INFO - Found handler: org.openqa.selenium.remote.server.ServicedSession@4cc3fe62
17:10:44.124 INFO - Handler thread for session cddf772ada586cd610c632465ea40e5b (chrome): Executing POST on /session/cddf772ada586cd610c632465ea40e5b/element (handler: ServicedSession)
17:10:44.126 INFO - To upstream: {"using":"css selector","value":"input[type=\"number\"]"}
17:10:44.151 INFO - To downstream: {"sessionId":"cddf772ada586cd610c632465ea40e5b","status":0,"value":{"ELEMENT":"0.9549975375964612-4"}}
17:10:44.154 INFO - Found handler: org.openqa.selenium.remote.server.ServicedSession@4cc3fe62
17:10:44.155 INFO - Handler thread for session cddf772ada586cd610c632465ea40e5b (chrome): Executing POST on /session/cddf772ada586cd610c632465ea40e5b/element/0.9549975375964612-4/value (handler: ServicedSession)
17:10:44.156 INFO - To upstream: {"value":["3","0","0"]}
17:10:44.277 INFO - To downstream: {"sessionId":"cddf772ada586cd610c632465ea40e5b","status":0,"value":null}
17:10:44.283 INFO - Found handler: org.openqa.selenium.remote.server.ServicedSession@4cc3fe62
17:10:44.283 INFO - Handler thread for session cddf772ada586cd610c632465ea40e5b (chrome): Executing POST on /session/cddf772ada586cd610c632465ea40e5b/element (handler: ServicedSession)
17:10:44.284 INFO - To upstream: {"using":"css selector","value":"input[class=\"donate-money-card\"]"}
17:10:44.307 INFO - To downstream: {"sessionId":"cddf772ada586cd610c632465ea40e5b","status":0,"value":{"ELEMENT":"0.9549975375964612-5"}}
17:10:44.311 INFO - Found handler: org.openqa.selenium.remote.server.ServicedSession@4cc3fe62
17:10:44.311 INFO - Handler thread for session cddf772ada586cd610c632465ea40e5b (chrome): Executing POST on /session/cddf772ada586cd610c632465ea40e5b/element/0.9549975375964612-5/value (handler: ServicedSession)
17:10:44.313 INFO - To upstream: {"value":["1","2","3","4","5","6","7","8","1","2","3","4","5","6","7","8"]}
17:10:44.533 INFO - To downstream: {"sessionId":"cddf772ada586cd610c632465ea40e5b","status":0,"value":null}
17:10:44.535 INFO - Found handler: org.openqa.selenium.remote.server.ServicedSession@4cc3fe62
17:10:44.536 INFO - Handler thread for session cddf772ada586cd610c632465ea40e5b (chrome): Executing POST on /session/cddf772ada586cd610c632465ea40e5b/element (handler: ServicedSession)
17:10:44.537 INFO - To upstream: {"using":"css selector","value":"input[class=\"donate-money-cvc\"]"}
17:10:44.564 INFO - To downstream: {"sessionId":"cddf772ada586cd610c632465ea40e5b","status":0,"value":{"ELEMENT":"0.9549975375964612-6"}}
17:10:44.567 INFO - Found handler: org.openqa.selenium.remote.server.ServicedSession@4cc3fe62
17:10:44.568 INFO - Handler thread for session cddf772ada586cd610c632465ea40e5b (chrome): Executing POST on /session/cddf772ada586cd610c632465ea40e5b/element/0.9549975375964612-6/value (handler: ServicedSession)
17:10:44.569 INFO - To upstream: {"value":["1","2","3"]}
17:10:44.657 INFO - To downstream: {"sessionId":"cddf772ada586cd610c632465ea40e5b","status":0,"value":null}
17:10:44.663 INFO - Found handler: org.openqa.selenium.remote.server.ServicedSession@4cc3fe62
17:10:44.664 INFO - Handler thread for session cddf772ada586cd610c632465ea40e5b (chrome): Executing POST on /session/cddf772ada586cd610c632465ea40e5b/element (handler: ServicedSession)
17:10:44.665 INFO - To upstream: {"using":"css selector","value":"input[type=\"date\"]"}
17:10:44.688 INFO - To downstream: {"sessionId":"cddf772ada586cd610c632465ea40e5b","status":0,"value":{"ELEMENT":"0.9549975375964612-7"}}
17:10:44.691 INFO - Found handler: org.openqa.selenium.remote.server.ServicedSession@4cc3fe62
17:10:44.691 INFO - Handler thread for session cddf772ada586cd610c632465ea40e5b (chrome): Executing POST on /session/cddf772ada586cd610c632465ea40e5b/element/0.9549975375964612-7/value (handler: ServicedSession)
17:10:44.693 INFO - To upstream: {"value":["0","8","1","3","2","0","1","8"]}
17:10:44.814 INFO - To downstream: {"sessionId":"cddf772ada586cd610c632465ea40e5b","status":0,"value":null}
17:10:47.838 INFO - Found handler: org.openqa.selenium.remote.server.ServicedSession@4cc3fe62
17:10:47.838 INFO - Handler thread for session cddf772ada586cd610c632465ea40e5b (chrome): Executing POST on /session/cddf772ada586cd610c632465ea40e5b/element (handler: ServicedSession)
17:10:47.840 INFO - To upstream: {"using":"css selector","value":"div[class=\"donate-instrument-container\"]"}
17:10:47.864 INFO - To downstream: {"sessionId":"cddf772ada586cd610c632465ea40e5b","status":0,"value":{"ELEMENT":"0.9549975375964612-2"}}
17:10:47.870 INFO - Found handler: org.openqa.selenium.remote.server.ServicedSession@4cc3fe62
17:10:47.871 INFO - Handler thread for session cddf772ada586cd610c632465ea40e5b (chrome): Executing GET on /session/cddf772ada586cd610c632465ea40e5b/element/0.9549975375964612-2/text (handler: ServicedSession)
17:10:47.898 INFO - To downstream: {"sessionId":"cddf772ada586cd610c632465ea40e5b","status":0,"value":"Donate an Instrument\nCall to schedule a drop-off\n6 Loop St, # 4 Pittsburgh, Pennsylvania, PA 15215 (801) 224 - 8970"}
17:10:47.903 INFO - Found handler: org.openqa.selenium.remote.server.ServicedSession@4cc3fe62
17:10:47.904 INFO - Handler thread for session cddf772ada586cd610c632465ea40e5b (chrome): Executing POST on /session/cddf772ada586cd610c632465ea40e5b/element (handler: ServicedSession)
17:10:47.905 INFO - To upstream: {"using":"css selector","value":"button[class=\"donate-btn\"]"}
17:10:47.929 INFO - To downstream: {"sessionId":"cddf772ada586cd610c632465ea40e5b","status":0,"value":{"ELEMENT":"0.9549975375964612-8"}}
17:10:47.933 INFO - Found handler: org.openqa.selenium.remote.server.ServicedSession@4cc3fe62
17:10:47.933 INFO - Handler thread for session cddf772ada586cd610c632465ea40e5b (chrome): Executing POST on /session/cddf772ada586cd610c632465ea40e5b/element/0.9549975375964612-8/click (handler: ServicedSession)
17:10:47.934 INFO - To upstream: 
17:10:48.022 INFO - To downstream: {"sessionId":"cddf772ada586cd610c632465ea40e5b","status":0,"value":null}
17:10:48.026 INFO - Found handler: org.openqa.selenium.remote.server.ServicedSession@4cc3fe62
17:10:48.026 INFO - Handler thread for session cddf772ada586cd610c632465ea40e5b (chrome): Executing POST on /session/cddf772ada586cd610c632465ea40e5b/elements (handler: ServicedSession)
17:10:48.027 INFO - To upstream: {"using":"css selector","value":"div[class=\"donate-error-message\"]"}
17:10:48.049 INFO - To downstream: {"sessionId":"cddf772ada586cd610c632465ea40e5b","status":0,"value":[{"ELEMENT":"0.9549975375964612-9"},{"ELEMENT":"0.9549975375964612-10"},{"ELEMENT":"0.9549975375964612-11"},{"ELEMENT":"0.9549975375964612-12"},{"ELEMENT":"0.9549975375964612-13"}]}
17:10:48.053 INFO - Found handler: org.openqa.selenium.remote.server.ServicedSession@4cc3fe62
17:10:48.053 INFO - Handler thread for session cddf772ada586cd610c632465ea40e5b (chrome): Executing POST on /session/cddf772ada586cd610c632465ea40e5b/element (handler: ServicedSession)
17:10:48.055 INFO - To upstream: {"using":"css selector","value":"input[class=\"volunteer-email-field\"]"}
17:10:48.079 INFO - To downstream: {"sessionId":"cddf772ada586cd610c632465ea40e5b","status":0,"value":{"ELEMENT":"0.9549975375964612-14"}}
17:10:48.082 INFO - Found handler: org.openqa.selenium.remote.server.ServicedSession@4cc3fe62
17:10:48.082 INFO - Handler thread for session cddf772ada586cd610c632465ea40e5b (chrome): Executing POST on /session/cddf772ada586cd610c632465ea40e5b/element/0.9549975375964612-14/value (handler: ServicedSession)
17:10:48.084 INFO - To upstream: {"value":["R","e","g","i","n","a","l","d"]}
17:10:48.206 INFO - To downstream: {"sessionId":"cddf772ada586cd610c632465ea40e5b","status":0,"value":null}
17:10:51.218 INFO - Found handler: org.openqa.selenium.remote.server.ServicedSession@4cc3fe62
17:10:51.219 INFO - Handler thread for session cddf772ada586cd610c632465ea40e5b (chrome): Executing POST on /session/cddf772ada586cd610c632465ea40e5b/url (handler: ServicedSession)
17:10:51.220 INFO - To upstream: {"url":"http://localhost:3000"}
17:10:51.844 INFO - To downstream: {"sessionId":"cddf772ada586cd610c632465ea40e5b","status":0,"value":null}
17:10:51.884 INFO - Found handler: org.openqa.selenium.remote.server.ServicedSession@4cc3fe62
17:10:51.885 INFO - Handler thread for session cddf772ada586cd610c632465ea40e5b (chrome): Executing POST on /session/cddf772ada586cd610c632465ea40e5b/window/current/size (handler: ServicedSession)
17:10:51.890 INFO - To upstream: {"width":1500,"height":1500}
17:10:51.994 INFO - To downstream: {"sessionId":"cddf772ada586cd610c632465ea40e5b","status":0,"value":null}
17:10:52.102 INFO - Found handler: org.openqa.selenium.remote.server.ServicedSession@4cc3fe62
17:10:52.103 INFO - Handler thread for session cddf772ada586cd610c632465ea40e5b (chrome): Executing POST on /session/cddf772ada586cd610c632465ea40e5b/element (handler: ServicedSession)
17:10:52.104 INFO - To upstream: {"using":"css selector","value":"a[href=\"/support\"]"}
17:10:52.114 INFO - To downstream: {"sessionId":"cddf772ada586cd610c632465ea40e5b","status":0,"value":{"ELEMENT":"0.19246069788425735-1"}}
17:10:52.120 INFO - Found handler: org.openqa.selenium.remote.server.ServicedSession@4cc3fe62
17:10:52.120 INFO - Handler thread for session cddf772ada586cd610c632465ea40e5b (chrome): Executing POST on /session/cddf772ada586cd610c632465ea40e5b/element/0.19246069788425735-1/click (handler: ServicedSession)
17:10:52.122 INFO - To upstream: 
17:10:52.253 INFO - To downstream: {"sessionId":"cddf772ada586cd610c632465ea40e5b","status":0,"value":null}
17:10:52.267 INFO - Found handler: org.openqa.selenium.remote.server.ServicedSession@4cc3fe62
17:10:52.268 INFO - Handler thread for session cddf772ada586cd610c632465ea40e5b (chrome): Executing POST on /session/cddf772ada586cd610c632465ea40e5b/elements (handler: ServicedSession)
17:10:52.270 INFO - To upstream: {"using":"css selector","value":"div[class=\"donate-instrument-container\"]"}
17:10:52.301 INFO - To downstream: {"sessionId":"cddf772ada586cd610c632465ea40e5b","status":0,"value":[{"ELEMENT":"0.19246069788425735-2"}]}
17:10:52.310 INFO - Found handler: org.openqa.selenium.remote.server.ServicedSession@4cc3fe62
17:10:52.311 INFO - Handler thread for session cddf772ada586cd610c632465ea40e5b (chrome): Executing POST on /session/cddf772ada586cd610c632465ea40e5b/element (handler: ServicedSession)
17:10:52.312 INFO - To upstream: {"using":"css selector","value":"input[type=\"email\"]"}
17:10:52.324 INFO - To downstream: {"sessionId":"cddf772ada586cd610c632465ea40e5b","status":0,"value":{"ELEMENT":"0.19246069788425735-3"}}
17:10:52.331 INFO - Found handler: org.openqa.selenium.remote.server.ServicedSession@4cc3fe62
17:10:52.331 INFO - Handler thread for session cddf772ada586cd610c632465ea40e5b (chrome): Executing POST on /session/cddf772ada586cd610c632465ea40e5b/element/0.19246069788425735-3/value (handler: ServicedSession)
17:10:52.333 INFO - To upstream: {"value":["p","o","o","p"]}
17:10:52.456 INFO - To downstream: {"sessionId":"cddf772ada586cd610c632465ea40e5b","status":0,"value":null}
17:10:52.468 INFO - Found handler: org.openqa.selenium.remote.server.ServicedSession@4cc3fe62
17:10:52.468 INFO - Handler thread for session cddf772ada586cd610c632465ea40e5b (chrome): Executing POST on /session/cddf772ada586cd610c632465ea40e5b/element (handler: ServicedSession)
17:10:52.470 INFO - To upstream: {"using":"css selector","value":"input[type=\"number\"]"}
17:10:52.478 INFO - To downstream: {"sessionId":"cddf772ada586cd610c632465ea40e5b","status":0,"value":{"ELEMENT":"0.19246069788425735-4"}}
17:10:52.482 INFO - Found handler: org.openqa.selenium.remote.server.ServicedSession@4cc3fe62
17:10:52.482 INFO - Handler thread for session cddf772ada586cd610c632465ea40e5b (chrome): Executing POST on /session/cddf772ada586cd610c632465ea40e5b/element/0.19246069788425735-4/value (handler: ServicedSession)
17:10:52.483 INFO - To upstream: {"value":["3","0","0"]}
17:10:52.578 INFO - To downstream: {"sessionId":"cddf772ada586cd610c632465ea40e5b","status":0,"value":null}
17:10:52.583 INFO - Found handler: org.openqa.selenium.remote.server.ServicedSession@4cc3fe62
17:10:52.584 INFO - Handler thread for session cddf772ada586cd610c632465ea40e5b (chrome): Executing POST on /session/cddf772ada586cd610c632465ea40e5b/element (handler: ServicedSession)
17:10:52.585 INFO - To upstream: {"using":"css selector","value":"input[class=\"donate-money-card\"]"}
17:10:52.594 INFO - To downstream: {"sessionId":"cddf772ada586cd610c632465ea40e5b","status":0,"value":{"ELEMENT":"0.19246069788425735-5"}}
17:10:52.598 INFO - Found handler: org.openqa.selenium.remote.server.ServicedSession@4cc3fe62
17:10:52.599 INFO - Handler thread for session cddf772ada586cd610c632465ea40e5b (chrome): Executing POST on /session/cddf772ada586cd610c632465ea40e5b/element/0.19246069788425735-5/value (handler: ServicedSession)
17:10:52.600 INFO - To upstream: {"value":["a","b","c","d","e"]}
17:10:52.703 INFO - To downstream: {"sessionId":"cddf772ada586cd610c632465ea40e5b","status":0,"value":null}
17:10:52.707 INFO - Found handler: org.openqa.selenium.remote.server.ServicedSession@4cc3fe62
17:10:52.707 INFO - Handler thread for session cddf772ada586cd610c632465ea40e5b (chrome): Executing POST on /session/cddf772ada586cd610c632465ea40e5b/element (handler: ServicedSession)
17:10:52.709 INFO - To upstream: {"using":"css selector","value":"input[class=\"donate-money-cvc\"]"}
17:10:52.718 INFO - To downstream: {"sessionId":"cddf772ada586cd610c632465ea40e5b","status":0,"value":{"ELEMENT":"0.19246069788425735-6"}}
17:10:52.721 INFO - Found handler: org.openqa.selenium.remote.server.ServicedSession@4cc3fe62
17:10:52.722 INFO - Handler thread for session cddf772ada586cd610c632465ea40e5b (chrome): Executing POST on /session/cddf772ada586cd610c632465ea40e5b/element/0.19246069788425735-6/value (handler: ServicedSession)
17:10:52.723 INFO - To upstream: {"value":["1","2","3"]}
17:10:52.827 INFO - To downstream: {"sessionId":"cddf772ada586cd610c632465ea40e5b","status":0,"value":null}
17:10:52.833 INFO - Found handler: org.openqa.selenium.remote.server.ServicedSession@4cc3fe62
17:10:52.834 INFO - Handler thread for session cddf772ada586cd610c632465ea40e5b (chrome): Executing POST on /session/cddf772ada586cd610c632465ea40e5b/element (handler: ServicedSession)
17:10:52.836 INFO - To upstream: {"using":"css selector","value":"input[type=\"date\"]"}
17:10:52.847 INFO - To downstream: {"sessionId":"cddf772ada586cd610c632465ea40e5b","status":0,"value":{"ELEMENT":"0.19246069788425735-7"}}
17:10:52.857 INFO - Found handler: org.openqa.selenium.remote.server.ServicedSession@4cc3fe62
17:10:52.858 INFO - Handler thread for session cddf772ada586cd610c632465ea40e5b (chrome): Executing POST on /session/cddf772ada586cd610c632465ea40e5b/element/0.19246069788425735-7/value (handler: ServicedSession)
17:10:52.859 INFO - To upstream: {"value":["0","8","1","3","2","0","1","8"]}
17:10:52.967 INFO - To downstream: {"sessionId":"cddf772ada586cd610c632465ea40e5b","status":0,"value":null}
17:10:55.980 INFO - Found handler: org.openqa.selenium.remote.server.ServicedSession@4cc3fe62
17:10:55.980 INFO - Handler thread for session cddf772ada586cd610c632465ea40e5b (chrome): Executing POST on /session/cddf772ada586cd610c632465ea40e5b/element (handler: ServicedSession)
17:10:55.982 INFO - To upstream: {"using":"css selector","value":"button[class=\"donate-btn\"]"}
17:10:55.991 INFO - To downstream: {"sessionId":"cddf772ada586cd610c632465ea40e5b","status":0,"value":{"ELEMENT":"0.19246069788425735-8"}}
17:10:55.995 INFO - Found handler: org.openqa.selenium.remote.server.ServicedSession@4cc3fe62
17:10:55.995 INFO - Handler thread for session cddf772ada586cd610c632465ea40e5b (chrome): Executing POST on /session/cddf772ada586cd610c632465ea40e5b/element/0.19246069788425735-8/click (handler: ServicedSession)
17:10:55.996 INFO - To upstream: 
17:10:56.082 INFO - To downstream: {"sessionId":"cddf772ada586cd610c632465ea40e5b","status":0,"value":null}
17:10:56.089 INFO - Found handler: org.openqa.selenium.remote.server.ServicedSession@4cc3fe62
17:10:56.089 INFO - Handler thread for session cddf772ada586cd610c632465ea40e5b (chrome): Executing POST on /session/cddf772ada586cd610c632465ea40e5b/elements (handler: ServicedSession)
17:10:56.091 INFO - To upstream: {"using":"css selector","value":"div[class=\"donate-instrument-container\"]"}
17:10:56.135 INFO - To downstream: {"sessionId":"cddf772ada586cd610c632465ea40e5b","status":0,"value":[{"ELEMENT":"0.19246069788425735-2"}]}
17:10:56.140 INFO - Found handler: org.openqa.selenium.remote.server.ServicedSession@4cc3fe62
17:10:56.140 INFO - Handler thread for session cddf772ada586cd610c632465ea40e5b (chrome): Executing POST on /session/cddf772ada586cd610c632465ea40e5b/element (handler: ServicedSession)
17:10:56.142 INFO - To upstream: {"using":"css selector","value":"input[class=\"volunteer-email-field\"]"}
17:10:56.152 INFO - To downstream: {"sessionId":"cddf772ada586cd610c632465ea40e5b","status":0,"value":{"ELEMENT":"0.19246069788425735-9"}}
17:10:56.155 INFO - Found handler: org.openqa.selenium.remote.server.ServicedSession@4cc3fe62
17:10:56.156 INFO - Handler thread for session cddf772ada586cd610c632465ea40e5b (chrome): Executing POST on /session/cddf772ada586cd610c632465ea40e5b/element/0.19246069788425735-9/value (handler: ServicedSession)
17:10:56.157 INFO - To upstream: {"value":["$","#","!"]}
17:10:56.259 INFO - To downstream: {"sessionId":"cddf772ada586cd610c632465ea40e5b","status":0,"value":null}
17:10:59.275 INFO - Found handler: org.openqa.selenium.remote.server.ServicedSession@4cc3fe62
17:10:59.275 INFO - Handler thread for session cddf772ada586cd610c632465ea40e5b (chrome): Executing POST on /session/cddf772ada586cd610c632465ea40e5b/url (handler: ServicedSession)
17:10:59.277 INFO - To upstream: {"url":"http://localhost:3000"}
17:10:59.664 INFO - To downstream: {"sessionId":"cddf772ada586cd610c632465ea40e5b","status":0,"value":null}
17:10:59.668 INFO - Found handler: org.openqa.selenium.remote.server.ServicedSession@4cc3fe62
17:10:59.669 INFO - Handler thread for session cddf772ada586cd610c632465ea40e5b (chrome): Executing POST on /session/cddf772ada586cd610c632465ea40e5b/window/current/size (handler: ServicedSession)
17:10:59.670 INFO - To upstream: {"width":1500,"height":1500}
17:10:59.773 INFO - To downstream: {"sessionId":"cddf772ada586cd610c632465ea40e5b","status":0,"value":null}
17:10:59.777 INFO - Found handler: org.openqa.selenium.remote.server.ServicedSession@4cc3fe62
17:10:59.777 INFO - Handler thread for session cddf772ada586cd610c632465ea40e5b (chrome): Executing POST on /session/cddf772ada586cd610c632465ea40e5b/elements (handler: ServicedSession)
17:10:59.778 INFO - To upstream: {"using":"css selector","value":"div[class=\"footer-container\"]"}
17:10:59.807 INFO - To downstream: {"sessionId":"cddf772ada586cd610c632465ea40e5b","status":0,"value":[{"ELEMENT":"0.4076353876317935-1"}]}
17:10:59.811 INFO - Found handler: org.openqa.selenium.remote.server.ServicedSession@4cc3fe62
17:10:59.811 INFO - Handler thread for session cddf772ada586cd610c632465ea40e5b (chrome): Executing POST on /session/cddf772ada586cd610c632465ea40e5b/element (handler: ServicedSession)
17:10:59.812 INFO - To upstream: {"using":"css selector","value":"div[class=\"footer-container\"]"}
17:10:59.838 INFO - To downstream: {"sessionId":"cddf772ada586cd610c632465ea40e5b","status":0,"value":{"ELEMENT":"0.4076353876317935-1"}}
17:10:59.841 INFO - Found handler: org.openqa.selenium.remote.server.ServicedSession@4cc3fe62
17:10:59.842 INFO - Handler thread for session cddf772ada586cd610c632465ea40e5b (chrome): Executing GET on /session/cddf772ada586cd610c632465ea40e5b/element/0.4076353876317935-1/location_in_view (handler: ServicedSession)
17:10:59.867 INFO - To downstream: {"sessionId":"cddf772ada586cd610c632465ea40e5b","status":0,"value":{"x":152,"y":321}}
17:11:00.876 INFO - Found handler: org.openqa.selenium.remote.server.ServicedSession@4cc3fe62
17:11:00.876 INFO - Handler thread for session cddf772ada586cd610c632465ea40e5b (chrome): Executing POST on /session/cddf772ada586cd610c632465ea40e5b/elements (handler: ServicedSession)
17:11:00.878 INFO - To upstream: {"using":"css selector","value":"a[href=\"/home\"]"}
17:11:00.901 INFO - To downstream: {"sessionId":"cddf772ada586cd610c632465ea40e5b","status":0,"value":[{"ELEMENT":"0.4076353876317935-2"},{"ELEMENT":"0.4076353876317935-3"}]}
17:11:01.413 INFO - Found handler: org.openqa.selenium.remote.server.ServicedSession@4cc3fe62
17:11:01.413 INFO - Handler thread for session cddf772ada586cd610c632465ea40e5b (chrome): Executing GET on /session/cddf772ada586cd610c632465ea40e5b/element/0.4076353876317935-2/text (handler: ServicedSession)
17:11:01.443 INFO - To downstream: {"sessionId":"cddf772ada586cd610c632465ea40e5b","status":0,"value":"Home"}
17:11:01.448 INFO - Found handler: org.openqa.selenium.remote.server.ServicedSession@4cc3fe62
17:11:01.449 INFO - Handler thread for session cddf772ada586cd610c632465ea40e5b (chrome): Executing POST on /session/cddf772ada586cd610c632465ea40e5b/element/0.4076353876317935-2/click (handler: ServicedSession)
17:11:01.450 INFO - To upstream: 
17:11:01.540 INFO - To downstream: {"sessionId":"cddf772ada586cd610c632465ea40e5b","status":0,"value":null}
17:11:01.544 INFO - Found handler: org.openqa.selenium.remote.server.ServicedSession@4cc3fe62
17:11:01.544 INFO - Handler thread for session cddf772ada586cd610c632465ea40e5b (chrome): Executing GET on /session/cddf772ada586cd610c632465ea40e5b/element/0.4076353876317935-3/text (handler: ServicedSession)
17:11:01.574 INFO - To downstream: {"sessionId":"cddf772ada586cd610c632465ea40e5b","status":0,"value":"Home"}
17:11:01.579 INFO - Found handler: org.openqa.selenium.remote.server.ServicedSession@4cc3fe62
17:11:01.579 INFO - Handler thread for session cddf772ada586cd610c632465ea40e5b (chrome): Executing POST on /session/cddf772ada586cd610c632465ea40e5b/element/0.4076353876317935-3/click (handler: ServicedSession)
17:11:01.580 INFO - To upstream: 
17:11:01.664 INFO - To downstream: {"sessionId":"cddf772ada586cd610c632465ea40e5b","status":0,"value":null}
17:11:02.680 INFO - Found handler: org.openqa.selenium.remote.server.ServicedSession@4cc3fe62
17:11:02.680 INFO - Handler thread for session cddf772ada586cd610c632465ea40e5b (chrome): Executing POST on /session/cddf772ada586cd610c632465ea40e5b/elements (handler: ServicedSession)
17:11:02.682 INFO - To upstream: {"using":"css selector","value":"a[href=\"/about\"]"}
17:11:02.705 INFO - To downstream: {"sessionId":"cddf772ada586cd610c632465ea40e5b","status":0,"value":[{"ELEMENT":"0.4076353876317935-4"},{"ELEMENT":"0.4076353876317935-5"},{"ELEMENT":"0.4076353876317935-6"},{"ELEMENT":"0.4076353876317935-7"},{"ELEMENT":"0.4076353876317935-8"}]}
17:11:03.213 INFO - Found handler: org.openqa.selenium.remote.server.ServicedSession@4cc3fe62
17:11:03.214 INFO - Handler thread for session cddf772ada586cd610c632465ea40e5b (chrome): Executing GET on /session/cddf772ada586cd610c632465ea40e5b/element/0.4076353876317935-4/text (handler: ServicedSession)
17:11:03.246 INFO - To downstream: {"sessionId":"cddf772ada586cd610c632465ea40e5b","status":0,"value":"About Us"}
17:11:03.250 INFO - Found handler: org.openqa.selenium.remote.server.ServicedSession@4cc3fe62
17:11:03.250 INFO - Handler thread for session cddf772ada586cd610c632465ea40e5b (chrome): Executing POST on /session/cddf772ada586cd610c632465ea40e5b/element/0.4076353876317935-4/click (handler: ServicedSession)
17:11:03.251 INFO - To upstream: 
17:11:03.377 INFO - To downstream: {"sessionId":"cddf772ada586cd610c632465ea40e5b","status":0,"value":null}
17:11:03.380 INFO - Found handler: org.openqa.selenium.remote.server.ServicedSession@4cc3fe62
17:11:03.381 INFO - Handler thread for session cddf772ada586cd610c632465ea40e5b (chrome): Executing GET on /session/cddf772ada586cd610c632465ea40e5b/element/0.4076353876317935-5/text (handler: ServicedSession)
17:11:03.414 INFO - To downstream: {"sessionId":"cddf772ada586cd610c632465ea40e5b","status":10,"value":{"message":"stale element reference: element is not attached to the page document\n  (Session info: chrome=61.0.3163.100)\n  (Driver info: chromedriver=2.33.506106 (8a06c39c4582fbfbab6966dbb1c38a9173bfb1a2),platform=Mac OS X 10.11.6 x86_64)"}}
17:11:03.418 INFO - Found handler: org.openqa.selenium.remote.server.ServicedSession@4cc3fe62
17:11:03.418 INFO - Handler thread for session cddf772ada586cd610c632465ea40e5b (chrome): Executing GET on /session/cddf772ada586cd610c632465ea40e5b/element/0.4076353876317935-6/text (handler: ServicedSession)
17:11:03.451 INFO - To downstream: {"sessionId":"cddf772ada586cd610c632465ea40e5b","status":0,"value":"About us"}
17:11:03.454 INFO - Found handler: org.openqa.selenium.remote.server.ServicedSession@4cc3fe62
17:11:03.454 INFO - Handler thread for session cddf772ada586cd610c632465ea40e5b (chrome): Executing GET on /session/cddf772ada586cd610c632465ea40e5b/element/0.4076353876317935-7/text (handler: ServicedSession)
17:11:03.482 INFO - To downstream: {"sessionId":"cddf772ada586cd610c632465ea40e5b","status":0,"value":"Our Team"}
17:11:03.485 INFO - Found handler: org.openqa.selenium.remote.server.ServicedSession@4cc3fe62
17:11:03.485 INFO - Handler thread for session cddf772ada586cd610c632465ea40e5b (chrome): Executing GET on /session/cddf772ada586cd610c632465ea40e5b/element/0.4076353876317935-8/text (handler: ServicedSession)
17:11:03.513 INFO - To downstream: {"sessionId":"cddf772ada586cd610c632465ea40e5b","status":0,"value":"Volunteer"}
17:11:03.517 INFO - Found handler: org.openqa.selenium.remote.server.ServicedSession@4cc3fe62
17:11:03.517 INFO - Handler thread for session cddf772ada586cd610c632465ea40e5b (chrome): Executing POST on /session/cddf772ada586cd610c632465ea40e5b/element (handler: ServicedSession)
17:11:03.518 INFO - To upstream: {"using":"css selector","value":"div[class=\"footer-container\"]"}
17:11:03.533 INFO - To downstream: {"sessionId":"cddf772ada586cd610c632465ea40e5b","status":0,"value":{"ELEMENT":"0.4076353876317935-1"}}
17:11:03.536 INFO - Found handler: org.openqa.selenium.remote.server.ServicedSession@4cc3fe62
17:11:03.537 INFO - Handler thread for session cddf772ada586cd610c632465ea40e5b (chrome): Executing GET on /session/cddf772ada586cd610c632465ea40e5b/element/0.4076353876317935-1/location_in_view (handler: ServicedSession)
17:11:03.548 INFO - To downstream: {"sessionId":"cddf772ada586cd610c632465ea40e5b","status":0,"value":{"x":152,"y":321}}
17:11:04.559 INFO - Found handler: org.openqa.selenium.remote.server.ServicedSession@4cc3fe62
17:11:04.560 INFO - Handler thread for session cddf772ada586cd610c632465ea40e5b (chrome): Executing POST on /session/cddf772ada586cd610c632465ea40e5b/elements (handler: ServicedSession)
17:11:04.561 INFO - To upstream: {"using":"css selector","value":"a[href=\"/about\"]"}
17:11:04.571 INFO - To downstream: {"sessionId":"cddf772ada586cd610c632465ea40e5b","status":0,"value":[{"ELEMENT":"0.4076353876317935-4"},{"ELEMENT":"0.4076353876317935-6"},{"ELEMENT":"0.4076353876317935-7"},{"ELEMENT":"0.4076353876317935-8"}]}
17:11:05.082 INFO - Found handler: org.openqa.selenium.remote.server.ServicedSession@4cc3fe62
17:11:05.082 INFO - Handler thread for session cddf772ada586cd610c632465ea40e5b (chrome): Executing GET on /session/cddf772ada586cd610c632465ea40e5b/element/0.4076353876317935-4/text (handler: ServicedSession)
17:11:05.096 INFO - To downstream: {"sessionId":"cddf772ada586cd610c632465ea40e5b","status":0,"value":"About Us"}
17:11:05.099 INFO - Found handler: org.openqa.selenium.remote.server.ServicedSession@4cc3fe62
17:11:05.099 INFO - Handler thread for session cddf772ada586cd610c632465ea40e5b (chrome): Executing GET on /session/cddf772ada586cd610c632465ea40e5b/element/0.4076353876317935-6/text (handler: ServicedSession)
17:11:05.110 INFO - To downstream: {"sessionId":"cddf772ada586cd610c632465ea40e5b","status":0,"value":"About us"}
17:11:05.113 INFO - Found handler: org.openqa.selenium.remote.server.ServicedSession@4cc3fe62
17:11:05.114 INFO - Handler thread for session cddf772ada586cd610c632465ea40e5b (chrome): Executing GET on /session/cddf772ada586cd610c632465ea40e5b/element/0.4076353876317935-7/text (handler: ServicedSession)
17:11:05.124 INFO - To downstream: {"sessionId":"cddf772ada586cd610c632465ea40e5b","status":0,"value":"Our Team"}
17:11:05.129 INFO - Found handler: org.openqa.selenium.remote.server.ServicedSession@4cc3fe62
17:11:05.130 INFO - Handler thread for session cddf772ada586cd610c632465ea40e5b (chrome): Executing POST on /session/cddf772ada586cd610c632465ea40e5b/element/0.4076353876317935-7/click (handler: ServicedSession)
17:11:05.131 INFO - To upstream: 
17:11:05.221 INFO - To downstream: {"sessionId":"cddf772ada586cd610c632465ea40e5b","status":0,"value":null}
17:11:05.226 INFO - Found handler: org.openqa.selenium.remote.server.ServicedSession@4cc3fe62
17:11:05.226 INFO - Handler thread for session cddf772ada586cd610c632465ea40e5b (chrome): Executing GET on /session/cddf772ada586cd610c632465ea40e5b/element/0.4076353876317935-8/text (handler: ServicedSession)
17:11:05.242 INFO - To downstream: {"sessionId":"cddf772ada586cd610c632465ea40e5b","status":0,"value":"Volunteer"}
17:11:05.245 INFO - Found handler: org.openqa.selenium.remote.server.ServicedSession@4cc3fe62
17:11:05.245 INFO - Handler thread for session cddf772ada586cd610c632465ea40e5b (chrome): Executing POST on /session/cddf772ada586cd610c632465ea40e5b/element (handler: ServicedSession)
17:11:05.247 INFO - To upstream: {"using":"css selector","value":"div[class=\"footer-container\"]"}
17:11:05.256 INFO - To downstream: {"sessionId":"cddf772ada586cd610c632465ea40e5b","status":0,"value":{"ELEMENT":"0.4076353876317935-1"}}
17:11:05.260 INFO - Found handler: org.openqa.selenium.remote.server.ServicedSession@4cc3fe62
17:11:05.261 INFO - Handler thread for session cddf772ada586cd610c632465ea40e5b (chrome): Executing GET on /session/cddf772ada586cd610c632465ea40e5b/element/0.4076353876317935-1/location_in_view (handler: ServicedSession)
17:11:05.271 INFO - To downstream: {"sessionId":"cddf772ada586cd610c632465ea40e5b","status":0,"value":{"x":152,"y":321}}
17:11:06.285 INFO - Found handler: org.openqa.selenium.remote.server.ServicedSession@4cc3fe62
17:11:06.285 INFO - Handler thread for session cddf772ada586cd610c632465ea40e5b (chrome): Executing POST on /session/cddf772ada586cd610c632465ea40e5b/elements (handler: ServicedSession)
17:11:06.287 INFO - To upstream: {"using":"css selector","value":"a[href=\"/calendar\"]"}
17:11:06.311 INFO - To downstream: {"sessionId":"cddf772ada586cd610c632465ea40e5b","status":0,"value":[{"ELEMENT":"0.4076353876317935-9"},{"ELEMENT":"0.4076353876317935-10"}]}
17:11:06.817 INFO - Found handler: org.openqa.selenium.remote.server.ServicedSession@4cc3fe62
17:11:06.818 INFO - Handler thread for session cddf772ada586cd610c632465ea40e5b (chrome): Executing GET on /session/cddf772ada586cd610c632465ea40e5b/element/0.4076353876317935-9/text (handler: ServicedSession)
17:11:06.848 INFO - To downstream: {"sessionId":"cddf772ada586cd610c632465ea40e5b","status":0,"value":"Calendar"}
17:11:06.851 INFO - Found handler: org.openqa.selenium.remote.server.ServicedSession@4cc3fe62
17:11:06.852 INFO - Handler thread for session cddf772ada586cd610c632465ea40e5b (chrome): Executing POST on /session/cddf772ada586cd610c632465ea40e5b/element/0.4076353876317935-9/click (handler: ServicedSession)
17:11:06.853 INFO - To upstream: 
17:11:06.947 INFO - To downstream: {"sessionId":"cddf772ada586cd610c632465ea40e5b","status":0,"value":null}
17:11:06.959 INFO - Found handler: org.openqa.selenium.remote.server.ServicedSession@4cc3fe62
17:11:06.960 INFO - Handler thread for session cddf772ada586cd610c632465ea40e5b (chrome): Executing GET on /session/cddf772ada586cd610c632465ea40e5b/element/0.4076353876317935-10/text (handler: ServicedSession)
17:11:06.996 INFO - To downstream: {"sessionId":"cddf772ada586cd610c632465ea40e5b","status":0,"value":"Calendar"}
17:11:07.020 INFO - Found handler: org.openqa.selenium.remote.server.ServicedSession@4cc3fe62
17:11:07.021 INFO - Handler thread for session cddf772ada586cd610c632465ea40e5b (chrome): Executing POST on /session/cddf772ada586cd610c632465ea40e5b/element/0.4076353876317935-10/click (handler: ServicedSession)
17:11:07.023 INFO - To upstream: 
17:11:07.105 INFO - To downstream: {"sessionId":"cddf772ada586cd610c632465ea40e5b","status":0,"value":null}
17:11:07.110 INFO - Found handler: org.openqa.selenium.remote.server.ServicedSession@4cc3fe62
17:11:07.110 INFO - Handler thread for session cddf772ada586cd610c632465ea40e5b (chrome): Executing POST on /session/cddf772ada586cd610c632465ea40e5b/element (handler: ServicedSession)
17:11:07.111 INFO - To upstream: {"using":"css selector","value":"div[class=\"footer-container\"]"}
17:11:07.120 INFO - To downstream: {"sessionId":"cddf772ada586cd610c632465ea40e5b","status":0,"value":{"ELEMENT":"0.4076353876317935-1"}}
17:11:07.123 INFO - Found handler: org.openqa.selenium.remote.server.ServicedSession@4cc3fe62
17:11:07.123 INFO - Handler thread for session cddf772ada586cd610c632465ea40e5b (chrome): Executing GET on /session/cddf772ada586cd610c632465ea40e5b/element/0.4076353876317935-1/location_in_view (handler: ServicedSession)
17:11:07.135 INFO - To downstream: {"sessionId":"cddf772ada586cd610c632465ea40e5b","status":0,"value":{"x":152,"y":181}}
17:11:08.147 INFO - Found handler: org.openqa.selenium.remote.server.ServicedSession@4cc3fe62
17:11:08.148 INFO - Handler thread for session cddf772ada586cd610c632465ea40e5b (chrome): Executing POST on /session/cddf772ada586cd610c632465ea40e5b/elements (handler: ServicedSession)
17:11:08.149 INFO - To upstream: {"using":"css selector","value":"a[href=\"/about\"]"}
17:11:08.160 INFO - To downstream: {"sessionId":"cddf772ada586cd610c632465ea40e5b","status":0,"value":[{"ELEMENT":"0.4076353876317935-4"},{"ELEMENT":"0.4076353876317935-6"},{"ELEMENT":"0.4076353876317935-7"},{"ELEMENT":"0.4076353876317935-8"}]}
17:11:08.671 INFO - Found handler: org.openqa.selenium.remote.server.ServicedSession@4cc3fe62
17:11:08.671 INFO - Handler thread for session cddf772ada586cd610c632465ea40e5b (chrome): Executing GET on /session/cddf772ada586cd610c632465ea40e5b/element/0.4076353876317935-4/text (handler: ServicedSession)
17:11:08.684 INFO - To downstream: {"sessionId":"cddf772ada586cd610c632465ea40e5b","status":0,"value":"About Us"}
17:11:08.687 INFO - Found handler: org.openqa.selenium.remote.server.ServicedSession@4cc3fe62
17:11:08.687 INFO - Handler thread for session cddf772ada586cd610c632465ea40e5b (chrome): Executing GET on /session/cddf772ada586cd610c632465ea40e5b/element/0.4076353876317935-6/text (handler: ServicedSession)
17:11:08.699 INFO - To downstream: {"sessionId":"cddf772ada586cd610c632465ea40e5b","status":0,"value":"About us"}
17:11:08.702 INFO - Found handler: org.openqa.selenium.remote.server.ServicedSession@4cc3fe62
17:11:08.702 INFO - Handler thread for session cddf772ada586cd610c632465ea40e5b (chrome): Executing GET on /session/cddf772ada586cd610c632465ea40e5b/element/0.4076353876317935-7/text (handler: ServicedSession)
17:11:08.713 INFO - To downstream: {"sessionId":"cddf772ada586cd610c632465ea40e5b","status":0,"value":"Our Team"}
17:11:08.715 INFO - Found handler: org.openqa.selenium.remote.server.ServicedSession@4cc3fe62
17:11:08.716 INFO - Handler thread for session cddf772ada586cd610c632465ea40e5b (chrome): Executing GET on /session/cddf772ada586cd610c632465ea40e5b/element/0.4076353876317935-8/text (handler: ServicedSession)
17:11:08.727 INFO - To downstream: {"sessionId":"cddf772ada586cd610c632465ea40e5b","status":0,"value":"Volunteer"}
17:11:08.730 INFO - Found handler: org.openqa.selenium.remote.server.ServicedSession@4cc3fe62
17:11:08.731 INFO - Handler thread for session cddf772ada586cd610c632465ea40e5b (chrome): Executing POST on /session/cddf772ada586cd610c632465ea40e5b/element/0.4076353876317935-8/click (handler: ServicedSession)
17:11:08.732 INFO - To upstream: 
17:11:08.828 INFO - To downstream: {"sessionId":"cddf772ada586cd610c632465ea40e5b","status":0,"value":null}
17:11:08.833 INFO - Found handler: org.openqa.selenium.remote.server.ServicedSession@4cc3fe62
17:11:08.833 INFO - Handler thread for session cddf772ada586cd610c632465ea40e5b (chrome): Executing POST on /session/cddf772ada586cd610c632465ea40e5b/element (handler: ServicedSession)
17:11:08.834 INFO - To upstream: {"using":"css selector","value":"div[class=\"footer-container\"]"}
17:11:08.856 INFO - To downstream: {"sessionId":"cddf772ada586cd610c632465ea40e5b","status":0,"value":{"ELEMENT":"0.4076353876317935-1"}}
17:11:08.859 INFO - Found handler: org.openqa.selenium.remote.server.ServicedSession@4cc3fe62
17:11:08.859 INFO - Handler thread for session cddf772ada586cd610c632465ea40e5b (chrome): Executing GET on /session/cddf772ada586cd610c632465ea40e5b/element/0.4076353876317935-1/location_in_view (handler: ServicedSession)
17:11:08.870 INFO - To downstream: {"sessionId":"cddf772ada586cd610c632465ea40e5b","status":0,"value":{"x":152,"y":321}}
17:11:09.876 INFO - Found handler: org.openqa.selenium.remote.server.ServicedSession@4cc3fe62
17:11:09.877 INFO - Handler thread for session cddf772ada586cd610c632465ea40e5b (chrome): Executing POST on /session/cddf772ada586cd610c632465ea40e5b/element (handler: ServicedSession)
17:11:09.881 INFO - To upstream: {"using":"css selector","value":"div[class=\"footer-container\"]"}
17:11:09.890 INFO - To downstream: {"sessionId":"cddf772ada586cd610c632465ea40e5b","status":0,"value":{"ELEMENT":"0.4076353876317935-1"}}
17:11:09.893 INFO - Found handler: org.openqa.selenium.remote.server.ServicedSession@4cc3fe62
17:11:09.893 INFO - Handler thread for session cddf772ada586cd610c632465ea40e5b (chrome): Executing GET on /session/cddf772ada586cd610c632465ea40e5b/element/0.4076353876317935-1/location_in_view (handler: ServicedSession)
17:11:09.903 INFO - To downstream: {"sessionId":"cddf772ada586cd610c632465ea40e5b","status":0,"value":{"x":152,"y":321}}
17:11:09.906 INFO - Found handler: org.openqa.selenium.remote.server.ServicedSession@4cc3fe62
17:11:09.906 INFO - Handler thread for session cddf772ada586cd610c632465ea40e5b (chrome): Executing POST on /session/cddf772ada586cd610c632465ea40e5b/elements (handler: ServicedSession)
17:11:09.908 INFO - To upstream: {"using":"css selector","value":"a[href=\"/suppor\"]"}
17:11:09.929 INFO - To downstream: {"sessionId":"cddf772ada586cd610c632465ea40e5b","status":0,"value":[]}
17:11:10.945 INFO - Found handler: org.openqa.selenium.remote.server.ServicedSession@4cc3fe62
17:11:10.945 INFO - Handler thread for session cddf772ada586cd610c632465ea40e5b (chrome): Executing POST on /session/cddf772ada586cd610c632465ea40e5b/element (handler: ServicedSession)
17:11:10.947 INFO - To upstream: {"using":"css selector","value":"input[class=\"contact-us\"]"}
17:11:10.969 INFO - To downstream: {"sessionId":"cddf772ada586cd610c632465ea40e5b","status":0,"value":{"ELEMENT":"0.4076353876317935-11"}}
17:11:10.972 INFO - Found handler: org.openqa.selenium.remote.server.ServicedSession@4cc3fe62
17:11:10.972 INFO - Handler thread for session cddf772ada586cd610c632465ea40e5b (chrome): Executing POST on /session/cddf772ada586cd610c632465ea40e5b/element/0.4076353876317935-11/click (handler: ServicedSession)
17:11:10.973 INFO - To upstream: 
17:11:11.036 INFO - To downstream: {"sessionId":"cddf772ada586cd610c632465ea40e5b","status":0,"value":null}
17:11:12.051 INFO - Found handler: org.openqa.selenium.remote.server.ServicedSession@4cc3fe62
17:11:12.051 INFO - Handler thread for session cddf772ada586cd610c632465ea40e5b (chrome): Executing POST on /session/cddf772ada586cd610c632465ea40e5b/url (handler: ServicedSession)
17:11:12.053 INFO - To upstream: {"url":"http://localhost:3000"}
17:11:12.846 INFO - To downstream: {"sessionId":"cddf772ada586cd610c632465ea40e5b","status":0,"value":null}
17:11:12.854 INFO - Found handler: org.openqa.selenium.remote.server.ServicedSession@4cc3fe62
17:11:12.854 INFO - Handler thread for session cddf772ada586cd610c632465ea40e5b (chrome): Executing POST on /session/cddf772ada586cd610c632465ea40e5b/window/current/size (handler: ServicedSession)
17:11:12.856 INFO - To upstream: {"width":1500,"height":1500}
17:11:12.959 INFO - To downstream: {"sessionId":"cddf772ada586cd610c632465ea40e5b","status":0,"value":null}
17:11:12.965 INFO - Found handler: org.openqa.selenium.remote.server.ServicedSession@4cc3fe62
17:11:12.965 INFO - Handler thread for session cddf772ada586cd610c632465ea40e5b (chrome): Executing POST on /session/cddf772ada586cd610c632465ea40e5b/elements (handler: ServicedSession)
17:11:12.967 INFO - To upstream: {"using":"css selector","value":"div[class=\"footer-container\"]"}
17:11:12.995 INFO - To downstream: {"sessionId":"cddf772ada586cd610c632465ea40e5b","status":0,"value":[{"ELEMENT":"0.9306211586280471-1"}]}
17:11:12.998 INFO - Found handler: org.openqa.selenium.remote.server.ServicedSession@4cc3fe62
17:11:12.999 INFO - Handler thread for session cddf772ada586cd610c632465ea40e5b (chrome): Executing POST on /session/cddf772ada586cd610c632465ea40e5b/element (handler: ServicedSession)
17:11:13.000 INFO - To upstream: {"using":"css selector","value":"div[class=\"footer-container\"]"}
17:11:13.009 INFO - To downstream: {"sessionId":"cddf772ada586cd610c632465ea40e5b","status":0,"value":{"ELEMENT":"0.9306211586280471-1"}}
17:11:13.012 INFO - Found handler: org.openqa.selenium.remote.server.ServicedSession@4cc3fe62
17:11:13.012 INFO - Handler thread for session cddf772ada586cd610c632465ea40e5b (chrome): Executing GET on /session/cddf772ada586cd610c632465ea40e5b/element/0.9306211586280471-1/location_in_view (handler: ServicedSession)
17:11:13.043 INFO - To downstream: {"sessionId":"cddf772ada586cd610c632465ea40e5b","status":0,"value":{"x":152,"y":321}}
17:11:14.053 INFO - Found handler: org.openqa.selenium.remote.server.ServicedSession@4cc3fe62
17:11:14.054 INFO - Handler thread for session cddf772ada586cd610c632465ea40e5b (chrome): Executing POST on /session/cddf772ada586cd610c632465ea40e5b/element (handler: ServicedSession)
17:11:14.056 INFO - To upstream: {"using":"css selector","value":"input[type=\"tel\"]"}
17:11:14.082 INFO - To downstream: {"sessionId":"cddf772ada586cd610c632465ea40e5b","status":0,"value":{"ELEMENT":"0.9306211586280471-2"}}
17:11:14.084 INFO - Found handler: org.openqa.selenium.remote.server.ServicedSession@4cc3fe62
17:11:14.085 INFO - Handler thread for session cddf772ada586cd610c632465ea40e5b (chrome): Executing POST on /session/cddf772ada586cd610c632465ea40e5b/element/0.9306211586280471-2/value (handler: ServicedSession)
17:11:14.086 INFO - To upstream: {"value":["8","0","1","2","3","0","0","1","2","9"]}
17:11:14.193 INFO - To downstream: {"sessionId":"cddf772ada586cd610c632465ea40e5b","status":0,"value":null}
17:11:14.698 INFO - Found handler: org.openqa.selenium.remote.server.ServicedSession@4cc3fe62
17:11:14.698 INFO - Handler thread for session cddf772ada586cd610c632465ea40e5b (chrome): Executing POST on /session/cddf772ada586cd610c632465ea40e5b/element (handler: ServicedSession)
17:11:14.700 INFO - To upstream: {"using":"css selector","value":"input[type=\"submit\"]"}
17:11:14.723 INFO - To downstream: {"sessionId":"cddf772ada586cd610c632465ea40e5b","status":0,"value":{"ELEMENT":"0.9306211586280471-3"}}
17:11:14.726 INFO - Found handler: org.openqa.selenium.remote.server.ServicedSession@4cc3fe62
17:11:14.726 INFO - Handler thread for session cddf772ada586cd610c632465ea40e5b (chrome): Executing POST on /session/cddf772ada586cd610c632465ea40e5b/element/0.9306211586280471-3/click (handler: ServicedSession)
17:11:14.727 INFO - To upstream: 
17:11:15.191 INFO - To downstream: {"sessionId":"cddf772ada586cd610c632465ea40e5b","status":0,"value":null}
17:11:15.704 INFO - Found handler: org.openqa.selenium.remote.server.ServicedSession@4cc3fe62
17:11:15.704 INFO - Handler thread for session cddf772ada586cd610c632465ea40e5b (chrome): Executing DELETE on /session/cddf772ada586cd610c632465ea40e5b (handler: ServicedSession)
17:11:15.840 INFO - To downstream: {"sessionId":"cddf772ada586cd610c632465ea40e5b","status":0,"value":null}
17:11:16.139 INFO - Removing session org.openqa.selenium.remote.server.ServicedSession@4cc3fe62
